
*** Running vivado
    with args -log multipleSevenSegmentDisplays_TOP.vds -m64 -product Vivado -mode batch -messageDb vivado.pb -notrace -source multipleSevenSegmentDisplays_TOP.tcl



****** Vivado v2020.2 (64-bit)
  **** SW Build 3064766 on Wed Nov 18 09:12:45 MST 2020
  **** IP Build 3064653 on Wed Nov 18 14:17:31 MST 2020
    ** Copyright 1986-2020 Xilinx, Inc. All Rights Reserved.

source multipleSevenSegmentDisplays_TOP.tcl -notrace
Command: synth_design -top multipleSevenSegmentDisplays_TOP -part xc7a35tcpg236-1
Starting synth_design
Attempting to get a license for feature 'Synthesis' and/or device 'xc7a35t'
INFO: [Common 17-349] Got license for feature 'Synthesis' and/or device 'xc7a35t'
INFO: [Device 21-403] Loading part xc7a35tcpg236-1
INFO: [Synth 8-7079] Multithreading enabled for synth_design using a maximum of 2 processes.
INFO: [Synth 8-7078] Launching helper process for spawning children vivado processes
INFO: [Synth 8-7075] Helper process launched with PID 16920
WARNING: [Synth 8-2292] literal value truncated to fit in 4 bits [E:/class/Master of ANU/6213_Digital Systems and Microprocessors/my_6213/lab3/multiple_seven_segment_displays/multiple_seven_segment_displays.srcs/sources_1/new/multipleSevenSegmentDisplays_TOP.v:65]
---------------------------------------------------------------------------------
Starting RTL Elaboration : Time (s): cpu = 00:00:04 ; elapsed = 00:00:05 . Memory (MB): peak = 1019.211 ; gain = 0.000
---------------------------------------------------------------------------------
INFO: [Synth 8-6157] synthesizing module 'multipleSevenSegmentDisplays_TOP' [E:/class/Master of ANU/6213_Digital Systems and Microprocessors/my_6213/lab3/multiple_seven_segment_displays/multiple_seven_segment_displays.srcs/sources_1/new/multipleSevenSegmentDisplays_TOP.v:23]
INFO: [Synth 8-6157] synthesizing module 'heartbeat' [E:/class/Master of ANU/6213_Digital Systems and Microprocessors/my_6213/lab3/multiple_seven_segment_displays/multiple_seven_segment_displays.srcs/sources_1/new/heartbeat.v:23]
	Parameter TOPCOUNT bound to: 100000 - type: integer 
INFO: [Synth 8-6155] done synthesizing module 'heartbeat' (1#1) [E:/class/Master of ANU/6213_Digital Systems and Microprocessors/my_6213/lab3/multiple_seven_segment_displays/multiple_seven_segment_displays.srcs/sources_1/new/heartbeat.v:23]
INFO: [Synth 8-226] default block is never used [E:/class/Master of ANU/6213_Digital Systems and Microprocessors/my_6213/lab3/multiple_seven_segment_displays/multiple_seven_segment_displays.srcs/sources_1/new/multipleSevenSegmentDisplays_TOP.v:51]
INFO: [Synth 8-6157] synthesizing module 'sevenSegmentDecoder' [E:/class/Master of ANU/6213_Digital Systems and Microprocessors/materials/error conduct/lab/vivado lab_code/multiple_seven_segment_displays/multiple_seven_segment_displays.srcs/sources_1/imports/new/sevenSegmentDecoder.v:3]
INFO: [Synth 8-6155] done synthesizing module 'sevenSegmentDecoder' (2#1) [E:/class/Master of ANU/6213_Digital Systems and Microprocessors/materials/error conduct/lab/vivado lab_code/multiple_seven_segment_displays/multiple_seven_segment_displays.srcs/sources_1/imports/new/sevenSegmentDecoder.v:3]
INFO: [Synth 8-6155] done synthesizing module 'multipleSevenSegmentDisplays_TOP' (3#1) [E:/class/Master of ANU/6213_Digital Systems and Microprocessors/my_6213/lab3/multiple_seven_segment_displays/multiple_seven_segment_displays.srcs/sources_1/new/multipleSevenSegmentDisplays_TOP.v:23]
---------------------------------------------------------------------------------
Finished RTL Elaboration : Time (s): cpu = 00:00:05 ; elapsed = 00:00:07 . Memory (MB): peak = 1019.211 ; gain = 0.000
---------------------------------------------------------------------------------
---------------------------------------------------------------------------------
Start Handling Custom Attributes
---------------------------------------------------------------------------------
---------------------------------------------------------------------------------
Finished Handling Custom Attributes : Time (s): cpu = 00:00:06 ; elapsed = 00:00:07 . Memory (MB): peak = 1019.211 ; gain = 0.000
---------------------------------------------------------------------------------
---------------------------------------------------------------------------------
Finished RTL Optimization Phase 1 : Time (s): cpu = 00:00:06 ; elapsed = 00:00:07 . Memory (MB): peak = 1019.211 ; gain = 0.000
---------------------------------------------------------------------------------
Netlist sorting complete. Time (s): cpu = 00:00:00 ; elapsed = 00:00:00.001 . Memory (MB): peak = 1019.211 ; gain = 0.000
INFO: [Project 1-570] Preparing netlist for logic optimization

Processing XDC Constraints
Initializing timing engine
Parsing XDC File [E:/class/Master of ANU/6213_Digital Systems and Microprocessors/my_6213/lab3/multiple_seven_segment_displays/multiple_seven_segment_displays.srcs/constrs_1/new/multipleSSD_constraints_Basys3.xdc]
Finished Parsing XDC File [E:/class/Master of ANU/6213_Digital Systems and Microprocessors/my_6213/lab3/multiple_seven_segment_displays/multiple_seven_segment_displays.srcs/constrs_1/new/multipleSSD_constraints_Basys3.xdc]
INFO: [Project 1-236] Implementation specific constraints were found while reading constraint file [E:/class/Master of ANU/6213_Digital Systems and Microprocessors/my_6213/lab3/multiple_seven_segment_displays/multiple_seven_segment_displays.srcs/constrs_1/new/multipleSSD_constraints_Basys3.xdc]. These constraints will be ignored for synthesis but will be used in implementation. Impacted constraints are listed in the file [.Xil/multipleSevenSegmentDisplays_TOP_propImpl.xdc].
Resolution: To avoid this warning, move constraints listed in [.Xil/multipleSevenSegmentDisplays_TOP_propImpl.xdc] to another XDC file and exclude this new file from synthesis with the used_in_synthesis property (File Properties dialog in GUI) and re-run elaboration/synthesis.
Completed Processing XDC Constraints

Netlist sorting complete. Time (s): cpu = 00:00:00 ; elapsed = 00:00:00 . Memory (MB): peak = 1027.180 ; gain = 0.000
INFO: [Project 1-111] Unisim Transformation Summary:
No Unisim elements were transformed.

Constraint Validation Runtime : Time (s): cpu = 00:00:00 ; elapsed = 00:00:00.073 . Memory (MB): peak = 1027.180 ; gain = 0.000
---------------------------------------------------------------------------------
Finished Constraint Validation : Time (s): cpu = 00:00:12 ; elapsed = 00:00:15 . Memory (MB): peak = 1027.180 ; gain = 7.969
---------------------------------------------------------------------------------
---------------------------------------------------------------------------------
Start Loading Part and Timing Information
---------------------------------------------------------------------------------
Loading part: xc7a35tcpg236-1
---------------------------------------------------------------------------------
Finished Loading Part and Timing Information : Time (s): cpu = 00:00:12 ; elapsed = 00:00:15 . Memory (MB): peak = 1027.180 ; gain = 7.969
---------------------------------------------------------------------------------
---------------------------------------------------------------------------------
Start Applying 'set_property' XDC Constraints
---------------------------------------------------------------------------------
---------------------------------------------------------------------------------
Finished applying 'set_property' XDC Constraints : Time (s): cpu = 00:00:12 ; elapsed = 00:00:15 . Memory (MB): peak = 1027.180 ; gain = 7.969
---------------------------------------------------------------------------------
---------------------------------------------------------------------------------
Finished RTL Optimization Phase 2 : Time (s): cpu = 00:00:12 ; elapsed = 00:00:16 . Memory (MB): peak = 1027.180 ; gain = 7.969
---------------------------------------------------------------------------------
---------------------------------------------------------------------------------
Start RTL Component Statistics 
---------------------------------------------------------------------------------
Detailed RTL Component Info : 
+---Adders : 
	   2 Input    2 Bit       Adders := 1     
+---Registers : 
	                2 Bit    Registers := 1     
+---Muxes : 
	   4 Input    4 Bit        Muxes := 1     
---------------------------------------------------------------------------------
Finished RTL Component Statistics 
---------------------------------------------------------------------------------
---------------------------------------------------------------------------------
Start Part Resource Summary
---------------------------------------------------------------------------------
Part Resources:
DSPs: 90 (col length:60)
BRAMs: 100 (col length: RAMB18 60 RAMB36 30)
---------------------------------------------------------------------------------
Finished Part Resource Summary
---------------------------------------------------------------------------------
---------------------------------------------------------------------------------
Start Cross Boundary and Area Optimization
---------------------------------------------------------------------------------
---------------------------------------------------------------------------------
Finished Cross Boundary and Area Optimization : Time (s): cpu = 00:00:14 ; elapsed = 00:00:18 . Memory (MB): peak = 1027.180 ; gain = 7.969
---------------------------------------------------------------------------------
---------------------------------------------------------------------------------
Start Applying XDC Timing Constraints
---------------------------------------------------------------------------------
---------------------------------------------------------------------------------
Finished Applying XDC Timing Constraints : Time (s): cpu = 00:00:20 ; elapsed = 00:00:24 . Memory (MB): peak = 1027.180 ; gain = 7.969
---------------------------------------------------------------------------------
---------------------------------------------------------------------------------
Start Timing Optimization
---------------------------------------------------------------------------------
---------------------------------------------------------------------------------
Finished Timing Optimization : Time (s): cpu = 00:00:20 ; elapsed = 00:00:25 . Memory (MB): peak = 1046.387 ; gain = 27.176
---------------------------------------------------------------------------------
---------------------------------------------------------------------------------
Start Technology Mapping
---------------------------------------------------------------------------------
---------------------------------------------------------------------------------
Finished Technology Mapping : Time (s): cpu = 00:00:20 ; elapsed = 00:00:25 . Memory (MB): peak = 1047.172 ; gain = 27.961
---------------------------------------------------------------------------------
---------------------------------------------------------------------------------
Start IO Insertion
---------------------------------------------------------------------------------
---------------------------------------------------------------------------------
Start Flattening Before IO Insertion
---------------------------------------------------------------------------------
---------------------------------------------------------------------------------
Finished Flattening Before IO Insertion
---------------------------------------------------------------------------------
---------------------------------------------------------------------------------
Start Final Netlist Cleanup
---------------------------------------------------------------------------------
---------------------------------------------------------------------------------
Finished Final Netlist Cleanup
---------------------------------------------------------------------------------
---------------------------------------------------------------------------------
Finished IO Insertion : Time (s): cpu = 00:00:24 ; elapsed = 00:00:28 . Memory (MB): peak = 1053.945 ; gain = 34.734
---------------------------------------------------------------------------------
---------------------------------------------------------------------------------
Start Renaming Generated Instances
---------------------------------------------------------------------------------
---------------------------------------------------------------------------------
Finished Renaming Generated Instances : Time (s): cpu = 00:00:24 ; elapsed = 00:00:28 . Memory (MB): peak = 1053.945 ; gain = 34.734
---------------------------------------------------------------------------------
---------------------------------------------------------------------------------
Start Rebuilding User Hierarchy
---------------------------------------------------------------------------------
---------------------------------------------------------------------------------
Finished Rebuilding User Hierarchy : Time (s): cpu = 00:00:24 ; elapsed = 00:00:28 . Memory (MB): peak = 1053.945 ; gain = 34.734
---------------------------------------------------------------------------------
---------------------------------------------------------------------------------
Start Renaming Generated Ports
---------------------------------------------------------------------------------
---------------------------------------------------------------------------------
Finished Renaming Generated Ports : Time (s): cpu = 00:00:24 ; elapsed = 00:00:28 . Memory (MB): peak = 1053.945 ; gain = 34.734
---------------------------------------------------------------------------------
---------------------------------------------------------------------------------
Start Handling Custom Attributes
---------------------------------------------------------------------------------
---------------------------------------------------------------------------------
Finished Handling Custom Attributes : Time (s): cpu = 00:00:24 ; elapsed = 00:00:28 . Memory (MB): peak = 1053.945 ; gain = 34.734
---------------------------------------------------------------------------------
---------------------------------------------------------------------------------
Start Renaming Generated Nets
---------------------------------------------------------------------------------
---------------------------------------------------------------------------------
Finished Renaming Generated Nets : Time (s): cpu = 00:00:24 ; elapsed = 00:00:28 . Memory (MB): peak = 1053.945 ; gain = 34.734
---------------------------------------------------------------------------------
---------------------------------------------------------------------------------
Start Writing Synthesis Report
---------------------------------------------------------------------------------

Report BlackBoxes: 
+-+--------------+----------+
| |BlackBox name |Instances |
+-+--------------+----------+
+-+--------------+----------+

Report Cell Usage: 
+------+-------+------+
|      |Cell   |Count |
+------+-------+------+
|1     |BUFG   |     1|
|2     |CARRY4 |     5|
|3     |LUT1   |     2|
|4     |LUT2   |     4|
|5     |LUT3   |     1|
|6     |LUT4   |     2|
|7     |LUT5   |     3|
|8     |LUT6   |     3|
|9     |FDRE   |    19|
|10    |IBUF   |     1|
|11    |OBUF   |    11|
+------+-------+------+
---------------------------------------------------------------------------------
Finished Writing Synthesis Report : Time (s): cpu = 00:00:24 ; elapsed = 00:00:28 . Memory (MB): peak = 1053.945 ; gain = 34.734
---------------------------------------------------------------------------------
Synthesis finished with 0 errors, 0 critical warnings and 0 warnings.
Synthesis Optimization Runtime : Time (s): cpu = 00:00:16 ; elapsed = 00:00:26 . Memory (MB): peak = 1053.945 ; gain = 26.766
Synthesis Optimization Complete : Time (s): cpu = 00:00:24 ; elapsed = 00:00:29 . Memory (MB): peak = 1053.945 ; gain = 34.734
INFO: [Project 1-571] Translating synthesized netlist
Netlist sorting complete. Time (s): cpu = 00:00:00 ; elapsed = 00:00:00.001 . Memory (MB): peak = 1064.066 ; gain = 0.000
INFO: [Netlist 29-17] Analyzing 5 Unisim elements for replacement
INFO: [Netlist 29-28] Unisim Transformation completed in 0 CPU seconds
INFO: [Project 1-570] Preparing netlist for logic optimization
INFO: [Opt 31-138] Pushed 0 inverter(s) to 0 load pin(s).
Netlist sorting complete. Time (s): cpu = 00:00:00 ; elapsed = 00:00:00 . Memory (MB): peak = 1068.230 ; gain = 0.000
INFO: [Project 1-111] Unisim Transformation Summary:
No Unisim elements were transformed.

INFO: [Common 17-83] Releasing license: Synthesis
22 Infos, 1 Warnings, 0 Critical Warnings and 0 Errors encountered.
synth_design completed successfully
synth_design: Time (s): cpu = 00:00:30 ; elapsed = 00:00:36 . Memory (MB): peak = 1068.230 ; gain = 49.020
INFO: [Common 17-1381] The checkpoint 'E:/class/Master of ANU/6213_Digital Systems and Microprocessors/my_6213/lab3/multiple_seven_segment_displays/multiple_seven_segment_displays.runs/synth_1/multipleSevenSegmentDisplays_TOP.dcp' has been generated.
INFO: [runtcl-4] Executing : report_utilization -file multipleSevenSegmentDisplays_TOP_utilization_synth.rpt -pb multipleSevenSegmentDisplays_TOP_utilization_synth.pb
INFO: [Common 17-206] Exiting Vivado at Thu Mar 18 22:01:13 2021...
